<?xml version="1.0" encoding="UTF-8"?>
<!-- Generated by org.testng.reporters.JUnitReportReporter -->
<testsuite hostname="DESKTOP-QOQL0HO" failures="0" tests="4" name="excel.ExcelDriver" time="0.020" errors="0" timestamp="2024-05-20T10:18:13 IST" skipped="0">
  <testcase classname="excel.ExcelDriver" name="excelData" time="0.001"/>
  <system-out/>
  <testcase classname="excel.ExcelDriver" name="excelData" time="0.005"/>
  <system-out/>
  <testcase classname="excel.ExcelDriver" name="excelData" time="0.008"/>
  <system-out/>
  <testcase classname="excel.ExcelDriver" name="excelData" time="0.006"/>
  <system-out/>
</testsuite> <!-- excel.ExcelDriver -->
