<?xml version="1.0" encoding="UTF-8"?>
<!-- Generated by org.testng.reporters.JUnitReportReporter -->
<testsuite hostname="DESKTOP-QOQL0HO" failures="0" tests="2" name="excel.Driver" time="0.016" errors="0" timestamp="2024-05-20T09:58:35 IST" skipped="0">
  <testcase classname="excel.Driver" name="readData" time="0.007"/>
  <system-out/>
  <testcase classname="excel.Driver" name="readData" time="0.009"/>
  <system-out/>
</testsuite> <!-- excel.Driver -->
